build/app/outputs/mapping/release/seeds.txt
com.example.datescalculator.MainActivity
com.example.datescalculator.MainActivity: MainActivity()
...
androidx.window.layout.ExtensionWindowLayoutInfoBackend: androidx.window.extensions.layout.WindowLayoutComponent component
io.flutter.plugin.platform.SingleViewPresentation: android.widget.FrameLayout container
androidx.window.embedding.SplitRule: int layoutDirection
kotlinx.coroutines.internal.LockFreeLinkedListNode: java.lang.Object _next
kotlinx.coroutines.internal.LockFreeLinkedListNode: java.lang.Object _prev
androidx.window.layout.SidecarWindowBackend$WindowLayoutChangeCallbackWrapper: androidx.core.util.Consumer callback
kotlin.jvm.internal.CallableReference: java.lang.Class owner
androidx.window.embedding.SplitPairFilter: android.content.ComponentName primaryActivityName
io.flutter.view.FlutterCallbackInformation: java.lang.String callbackClassName
androidx.window.R$id: int locale
androidx.lifecycle.Lifecycle$Event: androidx.lifecycle.Lifecycle$Event ON_START
androidx.window.layout.SidecarCompat: java.util.Map componentCallbackMap
kotlin.jvm.internal.CallableReference: java.lang.String name
androidx.lifecycle.Lifecycle$Event: androidx.lifecycle.Lifecycle$Event ON_RESUME
androidx.window.layout.SidecarWindowBackend$WindowLayoutChangeCallbackWrapper: android.app.Activity activity
androidx.window.R$attr: int placeholderActivityName
kotlin.coroutines.jvm.internal.BaseContinuationImpl: kotlin.coroutines.Continuation completion
io.flutter.plugin.editing.ImeSyncDeferringInsetsCallback: int deferredInsetTypes
io.flutter.plugin.editing.ImeSyncDeferringInsetsCallback: boolean animating
io.flutter.embedding.engine.renderer.SurfaceTextureWrapper: android.graphics.SurfaceTexture surfaceTexture
androidx.window.R$styleable: int[] SplitPlaceholderRule
androidx.window.layout.SidecarWindowBackend$WindowLayoutChangeCallbackWrapper: androidx.window.layout.WindowLayoutInfo lastInfo
androidx.window.layout.WindowMetricsCalculator$Companion: kotlin.jvm.functions.Function1 decorator
io.flutter.plugin.platform.SingleViewPresentation: io.flutter.plugin.platform.SingleViewPresentation$AccessibilityDelegatingFrameLayout rootView
androidx.window.layout.SidecarAdapter: java.lang.String TAG
androidx.window.layout.ExtensionWindowLayoutInfoBackend$MulticastConsumer: androidx.window.layout.WindowLayoutInfo lastKnownValue
androidx.window.layout.WindowMetricsCalculator$Companion: androidx.window.layout.WindowMetricsCalculator$Companion $$INSTANCE
androidx.window.embedding.SplitController: java.util.Set staticSplitRules
androidx.window.layout.SidecarWindowBackend: androidx.window.layout.SidecarWindowBackend$Companion Companion
androidx.window.layout.SidecarCompat$DistinctSidecarElementCallback: java.util.WeakHashMap mActivityWindowLayoutInfo
androidx.window.embedding.ExtensionEmbeddingBackend: java.lang.String TAG
androidx.window.layout.WindowInfoTrackerImpl$windowLayoutInfo$1: java.lang.Object L$1
kotlinx.coroutines.JobSupport$Finishing: java.lang.Object _exceptionsHolder
androidx.window.layout.SidecarAdapter: androidx.window.layout.SidecarAdapter$Companion Companion
io.flutter.view.AccessibilityViewEmbedder: android.view.View rootAccessibilityView
androidx.window.R$styleable: int SplitPlaceholderRule_splitMinWidth
androidx.window.R$attr: int secondaryActivityAction
io.flutter.embedding.engine.FlutterJNI: boolean loadLibraryCalled
androidx.window.layout.WindowInfoTrackerImpl$windowLayoutInfo$1: android.app.Activity $activity
io.flutter.embedding.engine.FlutterJNI: java.util.concurrent.locks.ReentrantReadWriteLock shellHolderLock
androidx.lifecycle.Lifecycle$Event: androidx.lifecycle.Lifecycle$Event ON_CREATE
kotlin.jvm.internal.CallableReference: java.lang.String signature
androidx.lifecycle.Lifecycle$Event: androidx.lifecycle.Lifecycle$Event ON_PAUSE
kotlinx.coroutines.JobSupport: java.lang.Object _state
io.flutter.plugin.platform.SingleViewPresentation: boolean startFocused
androidx.window.R$styleable: int SplitPairRule_splitLayoutDirection
androidx.window.core.Version: androidx.window.core.Version VERSION_1_0